# Nmap 7.70 scan initiated Sat Feb 23 16:56:33 2019 as: nmap -sS -sU -O -oN nmap.log 10.10.10.0/24
Nmap scan report for 10.10.10.3
Host is up (0.0029s latency).
Not shown: 1988 closed ports
PORT     STATE         SERVICE
23/tcp   open          telnet
135/tcp  open          msrpc
139/tcp  open          netbios-ssn
445/tcp  open          microsoft-ds
3389/tcp open          ms-wbt-server
123/udp  open          ntp
137/udp  open          netbios-ns
138/udp  open|filtered netbios-dgm
445/udp  open|filtered microsoft-ds
500/udp  open|filtered isakmp
1900/udp open|filtered upnp
4500/udp open|filtered nat-t-ike
MAC Address: 08:00:27:F3:6B:1F (Oracle VirtualBox virtual NIC)
Device type: general purpose
Running: Microsoft Windows XP|2003
OS CPE: cpe:/o:microsoft:windows_xp cpe:/o:microsoft:windows_server_2003
OS details: Microsoft Windows XP SP2 or SP3, or Windows Server 2003, Microsoft Windows XP SP2 or Windows Server 2003 SP2
Network Distance: 1 hop

Nmap scan report for 10.10.10.1
Host is up (0.000039s latency).
Not shown: 1996 closed ports
PORT     STATE         SERVICE
68/udp   open|filtered dhcpc
631/udp  open|filtered ipp
1900/udp open|filtered upnp
5353/udp open|filtered zeroconf
Too many fingerprints match this host to give specific OS details
Network Distance: 0 hops

OS detection performed. Please report any incorrect results at https://nmap.org/submit/ .
# Nmap done at Sat Feb 23 16:57:13 2019 -- 256 IP addresses (2 hosts up) scanned in 40.81 seconds
